<?xml version="1.0" encoding="UTF-8"?>
<!-- Generated by org.testng.reporters.JUnitReportReporter -->
<testsuite skipped="0" hostname="LAPTOP-CT7IBV5D" name="com.qa.RESTfulAPI.TestCases.PostRESTful_WebServices_Test" tests="1" failures="0" timestamp="24 Oct 2018 11:38:22 GMT" time="1.810" errors="0">
  <testcase name="postRESTful_WebService_TC02" time="1.810" classname="com.qa.RESTfulAPI.TestCases.PostRESTful_WebServices_Test"/>
</testsuite> <!-- com.qa.RESTfulAPI.TestCases.PostRESTful_WebServices_Test -->
