<?xml version="1.0" encoding="UTF-8"?>
<!-- Generated by org.testng.reporters.JUnitReportReporter -->
<testsuite skipped="0" hostname="LAPTOP-CT7IBV5D" name="com.qa.RESTfulAPI.TestCases.GetRESTful_WebServices_Test" tests="1" failures="0" timestamp="24 Oct 2018 10:12:36 GMT" time="1.548" errors="0">
  <testcase name="getRESTful_WebService_TC02" time="1.548" classname="com.qa.RESTfulAPI.TestCases.GetRESTful_WebServices_Test"/>
</testsuite> <!-- com.qa.RESTfulAPI.TestCases.GetRESTful_WebServices_Test -->
