<?xml version="1.0" encoding="UTF-8"?>
<!-- Generated by org.testng.reporters.JUnitReportReporter -->
<testsuite skipped="0" hostname="LAPTOP-CT7IBV5D" name="com.qa.RESTfulAPI.TestCases.DeleteRESTful_WebServices_Test" tests="1" failures="0" timestamp="24 Oct 2018 12:06:57 GMT" time="1.979" errors="0">
  <testcase name="deleteRESTful_WebService_TC01" time="1.979" classname="com.qa.RESTfulAPI.TestCases.DeleteRESTful_WebServices_Test"/>
</testsuite> <!-- com.qa.RESTfulAPI.TestCases.DeleteRESTful_WebServices_Test -->
