<?xml version="1.0" encoding="UTF-8"?>
<!-- Generated by org.testng.reporters.JUnitReportReporter -->
<testsuite skipped="0" hostname="LAPTOP-CT7IBV5D" name="com.qa.RESTfulAPI.TestCases.GetRESTful_WebServices_Test" tests="2" failures="0" timestamp="25 Oct 2018 07:21:13 GMT" time="0.141" errors="0">
  <testcase name="getRESTful_WebService_TC01" time="0.046" classname="com.qa.RESTfulAPI.TestCases.GetRESTful_WebServices_Test"/>
  <testcase name="getRESTful_WebService_TC02" time="0.095" classname="com.qa.RESTfulAPI.TestCases.GetRESTful_WebServices_Test"/>
</testsuite> <!-- com.qa.RESTfulAPI.TestCases.GetRESTful_WebServices_Test -->
